C:\Program Files (x86)\Microsoft Visual Studio\2019\Enterprise\MSBuild\Microsoft\VC\v160\Microsoft.CppBuild.targets(513,5): warning MSB8028: The intermediate directory (x64\Debug\) contains files shared from another project (Execute-Remote-Assembly.vcxproj, InMemoryNET.vcxproj).  This can lead to incorrect clean and rebuild behavior.
  main.cpp
C:\Users\saaad\Desktop\My Mal Dev\16 - Execute-Assembly\ExecuteRemoteAssembly\InMemoryNET\InMemoryNET\CLR.hpp(90,1): warning C4267: '=': conversion from 'size_t' to 'ULONG', possible loss of data
C:\Users\saaad\Desktop\My Mal Dev\16 - Execute-Assembly\ExecuteRemoteAssembly\InMemoryNET\InMemoryNET\CLR.hpp(141,1): warning C4267: '=': conversion from 'size_t' to 'ULONG', possible loss of data
C:\Users\saaad\Desktop\My Mal Dev\16 - Execute-Assembly\ExecuteRemoteAssembly\InMemoryNET\InMemoryNET\CLR.hpp(166,1): warning C4267: '=': conversion from 'size_t' to 'ULONG', possible loss of data
C:\Users\saaad\Desktop\My Mal Dev\16 - Execute-Assembly\ExecuteRemoteAssembly\InMemoryNET\InMemoryNET\winhttp.hpp(113,1): warning C4267: 'argument': conversion from 'size_t' to 'DWORD', possible loss of data
C:\Users\saaad\Desktop\My Mal Dev\16 - Execute-Assembly\ExecuteRemoteAssembly\InMemoryNET\InMemoryNET\winhttp.hpp(118,1): warning C4267: 'argument': conversion from 'size_t' to 'DWORD', possible loss of data
C:\Users\saaad\Desktop\My Mal Dev\16 - Execute-Assembly\ExecuteRemoteAssembly\InMemoryNET\InMemoryNET\main.cpp(90,32): warning C4838: conversion from 'int' to 'char' requires a narrowing conversion
C:\Users\saaad\Desktop\My Mal Dev\16 - Execute-Assembly\ExecuteRemoteAssembly\InMemoryNET\InMemoryNET\main.cpp(90,32): warning C4309: 'initializing': truncation of constant value
C:\Users\saaad\Desktop\My Mal Dev\16 - Execute-Assembly\ExecuteRemoteAssembly\InMemoryNET\InMemoryNET\main.cpp(90,50): warning C4838: conversion from 'int' to 'char' requires a narrowing conversion
C:\Users\saaad\Desktop\My Mal Dev\16 - Execute-Assembly\ExecuteRemoteAssembly\InMemoryNET\InMemoryNET\main.cpp(90,50): warning C4309: 'initializing': truncation of constant value
C:\Users\saaad\Desktop\My Mal Dev\16 - Execute-Assembly\ExecuteRemoteAssembly\InMemoryNET\InMemoryNET\main.cpp(90,56): warning C4838: conversion from 'int' to 'char' requires a narrowing conversion
C:\Users\saaad\Desktop\My Mal Dev\16 - Execute-Assembly\ExecuteRemoteAssembly\InMemoryNET\InMemoryNET\main.cpp(90,56): warning C4309: 'initializing': truncation of constant value
C:\Users\saaad\Desktop\My Mal Dev\16 - Execute-Assembly\ExecuteRemoteAssembly\InMemoryNET\InMemoryNET\main.cpp(90,98): warning C4838: conversion from 'int' to 'char' requires a narrowing conversion
C:\Users\saaad\Desktop\My Mal Dev\16 - Execute-Assembly\ExecuteRemoteAssembly\InMemoryNET\InMemoryNET\main.cpp(90,98): warning C4309: 'initializing': truncation of constant value
C:\Users\saaad\Desktop\My Mal Dev\16 - Execute-Assembly\ExecuteRemoteAssembly\InMemoryNET\InMemoryNET\main.cpp(107,38): warning C4838: conversion from 'int' to 'char' requires a narrowing conversion
C:\Users\saaad\Desktop\My Mal Dev\16 - Execute-Assembly\ExecuteRemoteAssembly\InMemoryNET\InMemoryNET\main.cpp(107,38): warning C4309: 'initializing': truncation of constant value
C:\Users\saaad\Desktop\My Mal Dev\16 - Execute-Assembly\ExecuteRemoteAssembly\InMemoryNET\InMemoryNET\main.cpp(124,25): warning C4838: conversion from 'int' to 'char' requires a narrowing conversion
C:\Users\saaad\Desktop\My Mal Dev\16 - Execute-Assembly\ExecuteRemoteAssembly\InMemoryNET\InMemoryNET\main.cpp(124,25): warning C4309: 'initializing': truncation of constant value
C:\Users\saaad\Desktop\My Mal Dev\16 - Execute-Assembly\ExecuteRemoteAssembly\InMemoryNET\InMemoryNET\main.cpp(138,11): warning C4101: 'buf': unreferenced local variable
C:\Users\saaad\Desktop\My Mal Dev\16 - Execute-Assembly\ExecuteRemoteAssembly\InMemoryNET\InMemoryNET\main.cpp(248,12): warning C4477: 'printf' : format string '%ld' requires an argument of type 'long', but variadic argument 1 has type 'unsigned __int64'
C:\Users\saaad\Desktop\My Mal Dev\16 - Execute-Assembly\ExecuteRemoteAssembly\InMemoryNET\InMemoryNET\main.cpp(248,12): message : consider using '%zd' in the format string
C:\Users\saaad\Desktop\My Mal Dev\16 - Execute-Assembly\ExecuteRemoteAssembly\InMemoryNET\InMemoryNET\main.cpp(208,11): warning C4101: 'mode': unreferenced local variable
C:\Users\saaad\Desktop\My Mal Dev\16 - Execute-Assembly\ExecuteRemoteAssembly\InMemoryNET\InMemoryNET\main.cpp(213,11): warning C4101: 'cmd': unreferenced local variable
C:\Program Files (x86)\Microsoft Visual Studio\2019\Enterprise\VC\Tools\MSVC\14.29.30133\include\xstring(2575,23): warning C4244: 'argument': conversion from 'wchar_t' to 'const _Elem', possible loss of data
          with
          [
              _Elem=char
          ]
C:\Program Files (x86)\Microsoft Visual Studio\2019\Enterprise\VC\Tools\MSVC\14.29.30133\include\xstring(2586): message : see reference to function template instantiation 'void std::basic_string<char,std::char_traits<char>,std::allocator<char>>::_Construct<wchar_t*>(_Iter,const _Iter,std::input_iterator_tag)' being compiled
          with
          [
              _Iter=wchar_t *
          ]
C:\Program Files (x86)\Microsoft Visual Studio\2019\Enterprise\VC\Tools\MSVC\14.29.30133\include\xstring(2586): message : see reference to function template instantiation 'void std::basic_string<char,std::char_traits<char>,std::allocator<char>>::_Construct<wchar_t*>(_Iter,const _Iter,std::input_iterator_tag)' being compiled
          with
          [
              _Iter=wchar_t *
          ]
C:\Program Files (x86)\Microsoft Visual Studio\2019\Enterprise\VC\Tools\MSVC\14.29.30133\include\xstring(2566): message : see reference to function template instantiation 'void std::basic_string<char,std::char_traits<char>,std::allocator<char>>::_Construct<wchar_t*>(const _Iter,const _Iter,std::forward_iterator_tag)' being compiled
          with
          [
              _Iter=wchar_t *
          ]
C:\Program Files (x86)\Microsoft Visual Studio\2019\Enterprise\VC\Tools\MSVC\14.29.30133\include\xstring(2566): message : see reference to function template instantiation 'void std::basic_string<char,std::char_traits<char>,std::allocator<char>>::_Construct<wchar_t*>(const _Iter,const _Iter,std::forward_iterator_tag)' being compiled
          with
          [
              _Iter=wchar_t *
          ]
C:\Users\saaad\Desktop\My Mal Dev\16 - Execute-Assembly\ExecuteRemoteAssembly\InMemoryNET\InMemoryNET\stdlib.hpp(55): message : see reference to function template instantiation 'std::basic_string<char,std::char_traits<char>,std::allocator<char>>::basic_string<std::_String_iterator<std::_String_val<std::_Simple_types<_Elem>>>,0>(_Iter,_Iter,const _Alloc &)' being compiled
          with
          [
              _Elem=wchar_t,
              _Iter=std::_String_iterator<std::_String_val<std::_Simple_types<wchar_t>>>,
              _Alloc=std::allocator<char>
          ]
C:\Users\saaad\Desktop\My Mal Dev\16 - Execute-Assembly\ExecuteRemoteAssembly\InMemoryNET\InMemoryNET\stdlib.hpp(55): message : see reference to function template instantiation 'std::basic_string<char,std::char_traits<char>,std::allocator<char>>::basic_string<std::_String_iterator<std::_String_val<std::_Simple_types<_Elem>>>,0>(_Iter,_Iter,const _Alloc &)' being compiled
          with
          [
              _Elem=wchar_t,
              _Iter=std::_String_iterator<std::_String_val<std::_Simple_types<wchar_t>>>,
              _Alloc=std::allocator<char>
          ]
  InMemoryNET.vcxproj -> C:\Users\saaad\Desktop\My Mal Dev\16 - Execute-Assembly\ExecuteRemoteAssembly\InMemoryNET\x64\Debug\ExecRemoteNET.exe
